<?xml version="1.0" encoding="UTF-8"?>
<testng-results skipped="0" failed="0" ignored="0" total="2" passed="2">
  <reporter-output>
  </reporter-output>
  <suite name="Suite" duration-ms="22" started-at="2019-03-01T06:52:19Z" finished-at="2019-03-01T06:52:19Z">
    <groups>
    </groups>
    <test name="Test" duration-ms="22" started-at="2019-03-01T06:52:19Z" finished-at="2019-03-01T06:52:19Z">
      <class name="testng1.Demo3">
        <test-method status="PASS" signature="suitet()[pri:0, instance:testng1.Demo3@1d057a39]" name="suitet" is-config="true" duration-ms="8" started-at="2019-03-01T06:52:19Z" finished-at="2019-03-01T06:52:19Z">
          <reporter-output>
          </reporter-output>
        </test-method> <!-- suitet -->
        <test-method status="PASS" signature="run()[pri:0, instance:testng1.Demo3@1d057a39]" name="run" duration-ms="4" started-at="2019-03-01T06:52:19Z" finished-at="2019-03-01T06:52:19Z">
          <reporter-output>
          </reporter-output>
        </test-method> <!-- run -->
        <test-method status="PASS" signature="run2()[pri:0, instance:testng1.Demo3@1d057a39]" name="run2" duration-ms="1" started-at="2019-03-01T06:52:19Z" finished-at="2019-03-01T06:52:19Z">
          <reporter-output>
          </reporter-output>
        </test-method> <!-- run2 -->
        <test-method status="PASS" signature="suitt()[pri:0, instance:testng1.Demo3@1d057a39]" name="suitt" is-config="true" duration-ms="0" started-at="2019-03-01T06:52:19Z" finished-at="2019-03-01T06:52:19Z">
          <reporter-output>
          </reporter-output>
        </test-method> <!-- suitt -->
      </class> <!-- testng1.Demo3 -->
    </test> <!-- Test -->
  </suite> <!-- Suite -->
</testng-results>
