<?xml version="1.0" encoding="UTF-8"?>
<testng-results skipped="0" failed="0" ignored="0" total="1" passed="1">
  <reporter-output>
  </reporter-output>
  <suite name="Suite" duration-ms="1141" started-at="2019-03-03T05:29:51Z" finished-at="2019-03-03T05:29:52Z">
    <groups>
    </groups>
    <test name="Test" duration-ms="1141" started-at="2019-03-03T05:29:51Z" finished-at="2019-03-03T05:29:52Z">
      <class name="firstt.DemoDetaProvider">
        <test-method status="PASS" signature="test4(java.lang.String, java.lang.String)[pri:0, instance:firstt.DemoDetaProvider@39aeed2f]" name="test4" duration-ms="15" started-at="2019-03-03T05:29:52Z" data-provider="test1" finished-at="2019-03-03T05:29:52Z">
          <params>
            <param index="0">
              <value>
                <![CDATA[Pushpendra]]>
              </value>
            </param>
            <param index="1">
              <value>
                <![CDATA[Singh]]>
              </value>
            </param>
          </params>
          <reporter-output>
          </reporter-output>
        </test-method> <!-- test4 -->
      </class> <!-- firstt.DemoDetaProvider -->
    </test> <!-- Test -->
  </suite> <!-- Suite -->
</testng-results>
