<?xml version="1.0" encoding="UTF-8"?>
<!-- Generated by org.testng.reporters.JUnitXMLReporter -->
<testsuite hostname="DESKTOP-BN2B2LR" ignored="1" name="Test" tests="2" failures="0" timestamp="28 Feb 2019 05:33:17 GMT" time="0.037" errors="0">
  <testcase name="m2" time="0.01" classname="firstt.Group"/>
  <testcase name="m3" time="0.001" classname="firstt.Group"/>
  <testcase name="m1" time="0.0" classname="firstt.Group">
    <ignored/>
  </testcase> <!-- m1 -->
</testsuite> <!-- Test -->
