<?xml version="1.0" encoding="UTF-8"?>
<!-- Generated by org.testng.reporters.JUnitXMLReporter -->
<testsuite hostname="Admin-PC" ignored="2" name="Test" tests="7" failures="0" timestamp="28 Feb 2019 08:34:53 GMT" time="0.111" errors="0">
  <testcase name="b4" time="0.0" classname="firstt.TestNGgroups"/>
  <testcase name="b4" time="0.0" classname="firstt.TestNGgroups"/>
  <testcase name="b3" time="0.015" classname="firstt.TestNGgroups"/>
  <testcase name="b3" time="0.0" classname="firstt.TestNGgroups"/>
  <testcase name="b3" time="0.0" classname="firstt.TestNGgroups"/>
  <testcase name="b3" time="0.0" classname="firstt.TestNGgroups"/>
  <testcase name="b3" time="0.0" classname="firstt.TestNGgroups"/>
  <testcase name="b1" time="0.0" classname="firstt.TestNGgroups">
    <ignored/>
  </testcase> <!-- b1 -->
  <testcase name="b2" time="0.0" classname="firstt.TestNGgroups">
    <ignored/>
  </testcase> <!-- b2 -->
</testsuite> <!-- Test -->
