<?xml version="1.0" encoding="UTF-8"?>
<!-- Generated by org.testng.reporters.JUnitXMLReporter -->
<testsuite hostname="LAPTOP-DUI2CR0P" ignored="0" name="Test" tests="3" failures="0" timestamp="28 Feb 2019 09:11:47 GMT" time="0.079" errors="0">
  <testcase name="fIntegration" time="0.031" classname="firstt.TestIntegration"/>
  <testcase name="sIntegration" time="0.0" classname="firstt.TestIntegration"/>
  <testcase name="smoke" time="0.0" classname="firstt.TestIntegration"/>
</testsuite> <!-- Test -->
