<?xml version="1.0" encoding="UTF-8"?>
<!-- Generated by org.testng.reporters.JUnitXMLReporter -->
<testsuite hostname="LAPTOP-DUI2CR0P" ignored="0" name="Test" tests="4" failures="0" timestamp="27 Feb 2019 11:16:38 GMT" time="0.083" errors="0">
  <testcase name="c" time="0.016" classname="firstt.TestTestNg6"/>
  <testcase name="d" time="0.0" classname="firstt.TestTestNg6"/>
  <testcase name="a" time="0.016" classname="firstt.TestTestNg6"/>
  <testcase name="b" time="0.0" classname="firstt.TestTestNg6"/>
</testsuite> <!-- Test -->
