<?xml version="1.0" encoding="UTF-8"?>
<!-- Generated by org.testng.reporters.JUnitXMLReporter -->
<testsuite hostname="DESKTOP-BN2B2LR" ignored="1" name="Test" tests="2" failures="0" timestamp="28 Feb 2019 07:20:21 GMT" time="0.027" errors="0">
  <testcase name="m1" time="0.005" classname="firstt.Skip2"/>
  <testcase name="m3" time="0.0" classname="firstt.Skip2"/>
  <testcase name="m2" time="0.0" classname="firstt.Skip2">
    <ignored/>
  </testcase> <!-- m2 -->
</testsuite> <!-- Test -->
