<?xml version="1.0" encoding="UTF-8"?>
<!-- Generated by org.testng.reporters.JUnitXMLReporter -->
<testsuite hostname="Rohit-PC" ignored="9" name="Test" tests="8" failures="1" timestamp="27 Feb 2019 10:54:47 GMT" time="0.096" errors="0">
  <testcase name="apple" time="0.01" classname="firstt.test3"/>
  <testcase name="apple1" time="0.002" classname="firstt.test3"/>
  <testcase name="abc" time="0.002" classname="firstt.Test2"/>
  <testcase name="abc1" time="0.002" classname="firstt.Test2"/>
  <testcase name="abc1" time="0.001" classname="firstt.Test2"/>
  <testcase name="abc1" time="0.002" classname="firstt.Test2"/>
  <testcase name="abcd" time="0.005" classname="firstt.Test2">
    <failure type="java.lang.AssertionError" message="null">
      <![CDATA[java.lang.AssertionError: null
at firstt.Test2.abcd(Test2.java:35)
... Removed 27 stack frames]]>
    </failure>
  </testcase> <!-- abcd -->
  <testcase name="abcdf" time="0.0" classname="firstt.Test2">
    <skipped/>
  </testcase> <!-- abcdf -->
  <testcase name="@BeforeSuite m3" time="0.0" classname="firstt.TestDemo2">
    <ignored/>
  </testcase> <!-- @BeforeSuite m3 -->
  <testcase name="@BeforeSuite m3" time="0.0" classname="firstt.TestDemo2">
    <ignored/>
  </testcase> <!-- @BeforeSuite m3 -->
  <testcase name="abcde" time="0.0" classname="firstt.Test2">
    <ignored/>
  </testcase> <!-- abcde -->
  <testcase name="@BeforeTest m4" time="0.0" classname="firstt.TestDemo2">
    <ignored/>
  </testcase> <!-- @BeforeTest m4 -->
  <testcase name="@BeforeTest m4" time="0.0" classname="firstt.TestDemo2">
    <ignored/>
  </testcase> <!-- @BeforeTest m4 -->
  <testcase name="@AfterTest m7" time="0.0" classname="firstt.TestDemo2">
    <ignored/>
  </testcase> <!-- @AfterTest m7 -->
  <testcase name="@AfterTest m7" time="0.0" classname="firstt.TestDemo2">
    <ignored/>
  </testcase> <!-- @AfterTest m7 -->
  <testcase name="@AfterSuite m8" time="0.0" classname="firstt.TestDemo2">
    <ignored/>
  </testcase> <!-- @AfterSuite m8 -->
  <testcase name="@AfterSuite m8" time="0.0" classname="firstt.TestDemo2">
    <ignored/>
  </testcase> <!-- @AfterSuite m8 -->
</testsuite> <!-- Test -->
