<?xml version="1.0" encoding="UTF-8"?>
<!-- Generated by org.testng.reporters.JUnitXMLReporter -->
<testsuite hostname="Admin-PC" ignored="0" name="Test" tests="2" failures="1" timestamp="28 Feb 2019 09:11:19 GMT" time="0.078" errors="0">
  <testcase name="b2" time="0.031" classname="firstt.dependsOnGroups2">
    <failure type="java.lang.AssertionError" message="null">
      <![CDATA[java.lang.AssertionError: null
at firstt.dependsOnGroups2.b2(dependsOnGroups2.java:18)
... Removed 27 stack frames]]>
    </failure>
  </testcase> <!-- b2 -->
  <testcase name="b1" time="0.0" classname="firstt.dependsOnGroups2">
    <skipped/>
  </testcase> <!-- b1 -->
</testsuite> <!-- Test -->
