<?xml version="1.0" encoding="UTF-8"?>
<!-- Generated by org.testng.reporters.JUnitXMLReporter -->
<testsuite hostname="DESKTOP-BN2B2LR" ignored="0" name="Test" tests="2" failures="1" timestamp="28 Feb 2019 16:34:07 GMT" time="0.036" errors="0">
  <testcase name="smoketestcase" time="0.01" classname="dependsOnGroups.DemoB">
    <failure type="java.lang.AssertionError" message="null">
      <![CDATA[java.lang.AssertionError: null
at dependsOnGroups.DemoB.smoketestcase(DemoB.java:18)
... Removed 27 stack frames]]>
    </failure>
  </testcase> <!-- smoketestcase -->
  <testcase name="normaltestcase" time="0.0" classname="dependsOnGroups.DemoB">
    <skipped/>
  </testcase> <!-- normaltestcase -->
</testsuite> <!-- Test -->
