<?xml version="1.0" encoding="UTF-8"?>
<!-- Generated by org.testng.reporters.JUnitXMLReporter -->
<testsuite hostname="Admin-PC" ignored="0" name="Test" tests="2" failures="1" timestamp="01 Mar 2019 06:24:25 GMT" time="0.062" errors="0">
  <testcase name="b1" time="0.016" classname="firstt.demolistner">
    <failure type="java.lang.AssertionError" message="expected [true] but found [false]">
      <![CDATA[java.lang.AssertionError: expected [true] but found [false]
at firstt.demolistner.b1(demolistner.java:43)
... Removed 29 stack frames]]>
    </failure>
  </testcase> <!-- b1 -->
  <testcase name="b2" time="0.0" classname="firstt.demolistner"/>
</testsuite> <!-- Test -->
