<?xml version="1.0" encoding="UTF-8"?>
<!-- Generated by org.testng.reporters.JUnitXMLReporter -->
<testsuite hostname="LAPTOP-DUI2CR0P" ignored="1" name="Test(failed)" tests="23" failures="1" timestamp="04 Mar 2019 00:43:57 GMT" time="0.038" errors="0">
  <testcase name="run" time="0.004" classname="firstt.TestFailed">
    <skipped/>
  </testcase> <!-- run -->
  <testcase name="run" time="0.001" classname="firstt.TestFailed">
    <skipped/>
  </testcase> <!-- run -->
  <testcase name="run" time="0.001" classname="firstt.TestFailed">
    <skipped/>
  </testcase> <!-- run -->
  <testcase name="run" time="0.001" classname="firstt.TestFailed">
    <skipped/>
  </testcase> <!-- run -->
  <testcase name="run" time="0.0" classname="firstt.TestFailed">
    <skipped/>
  </testcase> <!-- run -->
  <testcase name="run" time="0.0" classname="firstt.TestFailed">
    <skipped/>
  </testcase> <!-- run -->
  <testcase name="run" time="0.0" classname="firstt.TestFailed">
    <skipped/>
  </testcase> <!-- run -->
  <testcase name="run" time="0.0" classname="firstt.TestFailed">
    <skipped/>
  </testcase> <!-- run -->
  <testcase name="run" time="0.0" classname="firstt.TestFailed">
    <skipped/>
  </testcase> <!-- run -->
  <testcase name="run" time="0.0" classname="firstt.TestFailed">
    <skipped/>
  </testcase> <!-- run -->
  <testcase name="run" time="0.001" classname="firstt.TestFailed">
    <skipped/>
  </testcase> <!-- run -->
  <testcase name="run" time="0.001" classname="firstt.TestFailed">
    <skipped/>
  </testcase> <!-- run -->
  <testcase name="run" time="0.001" classname="firstt.TestFailed">
    <skipped/>
  </testcase> <!-- run -->
  <testcase name="run" time="0.0" classname="firstt.TestFailed">
    <skipped/>
  </testcase> <!-- run -->
  <testcase name="run" time="0.0" classname="firstt.TestFailed">
    <skipped/>
  </testcase> <!-- run -->
  <testcase name="run" time="0.003" classname="firstt.TestFailed">
    <skipped/>
  </testcase> <!-- run -->
  <testcase name="run" time="0.0" classname="firstt.TestFailed">
    <skipped/>
  </testcase> <!-- run -->
  <testcase name="run" time="0.0" classname="firstt.TestFailed">
    <skipped/>
  </testcase> <!-- run -->
  <testcase name="run" time="0.001" classname="firstt.TestFailed">
    <skipped/>
  </testcase> <!-- run -->
  <testcase name="run" time="0.0" classname="firstt.TestFailed">
    <skipped/>
  </testcase> <!-- run -->
  <testcase name="run" time="0.001" classname="firstt.TestFailed">
    <skipped/>
  </testcase> <!-- run -->
  <testcase name="run" time="0.0" classname="firstt.TestFailed">
    <skipped/>
  </testcase> <!-- run -->
  <testcase name="run" time="0.0" classname="firstt.TestFailed">
    <failure type="java.lang.AssertionError" message="expected [true] but found [false]">
      <![CDATA[java.lang.AssertionError: expected [true] but found [false]
at firstt.TestFailed.run(TestFailed.java:13)
at firstt.PrgTorRunFailed.runn(PrgTorRunFailed.java:18)
... Removed 50 stack frames]]>
    </failure>
  </testcase> <!-- run -->
  <testcase name="run2" time="0.0" classname="firstt.TestFailed">
    <ignored/>
  </testcase> <!-- run2 -->
</testsuite> <!-- Test(failed) -->
