<?xml version="1.0" encoding="UTF-8"?>
<!-- Generated by org.testng.reporters.JUnitXMLReporter -->
<testsuite hostname="LAPTOP-DUI2CR0P" ignored="0" name="Test" tests="24" failures="1" timestamp="04 Mar 2019 00:36:49 GMT" time="0.478" errors="0">
  <testcase name="run" time="0.025" classname="firstt.TestFailed">
    <skipped/>
  </testcase> <!-- run -->
  <testcase name="run" time="0.006" classname="firstt.TestFailed">
    <skipped/>
  </testcase> <!-- run -->
  <testcase name="run" time="0.004" classname="firstt.TestFailed">
    <skipped/>
  </testcase> <!-- run -->
  <testcase name="run" time="0.003" classname="firstt.TestFailed">
    <skipped/>
  </testcase> <!-- run -->
  <testcase name="run" time="0.013" classname="firstt.TestFailed">
    <skipped/>
  </testcase> <!-- run -->
  <testcase name="run" time="0.019" classname="firstt.TestFailed">
    <skipped/>
  </testcase> <!-- run -->
  <testcase name="run" time="0.008" classname="firstt.TestFailed">
    <skipped/>
  </testcase> <!-- run -->
  <testcase name="run" time="0.009" classname="firstt.TestFailed">
    <skipped/>
  </testcase> <!-- run -->
  <testcase name="run" time="0.003" classname="firstt.TestFailed">
    <skipped/>
  </testcase> <!-- run -->
  <testcase name="run" time="0.004" classname="firstt.TestFailed">
    <skipped/>
  </testcase> <!-- run -->
  <testcase name="run" time="0.003" classname="firstt.TestFailed">
    <skipped/>
  </testcase> <!-- run -->
  <testcase name="run" time="0.008" classname="firstt.TestFailed">
    <skipped/>
  </testcase> <!-- run -->
  <testcase name="run" time="0.003" classname="firstt.TestFailed">
    <skipped/>
  </testcase> <!-- run -->
  <testcase name="run" time="0.011" classname="firstt.TestFailed">
    <skipped/>
  </testcase> <!-- run -->
  <testcase name="run" time="0.003" classname="firstt.TestFailed">
    <skipped/>
  </testcase> <!-- run -->
  <testcase name="run" time="0.01" classname="firstt.TestFailed">
    <skipped/>
  </testcase> <!-- run -->
  <testcase name="run" time="0.016" classname="firstt.TestFailed">
    <skipped/>
  </testcase> <!-- run -->
  <testcase name="run" time="0.008" classname="firstt.TestFailed">
    <skipped/>
  </testcase> <!-- run -->
  <testcase name="run" time="0.004" classname="firstt.TestFailed">
    <skipped/>
  </testcase> <!-- run -->
  <testcase name="run" time="0.005" classname="firstt.TestFailed">
    <skipped/>
  </testcase> <!-- run -->
  <testcase name="run" time="0.003" classname="firstt.TestFailed">
    <skipped/>
  </testcase> <!-- run -->
  <testcase name="run" time="0.005" classname="firstt.TestFailed">
    <skipped/>
  </testcase> <!-- run -->
  <testcase name="run" time="0.007" classname="firstt.TestFailed">
    <failure type="java.lang.AssertionError" message="expected [true] but found [false]">
      <![CDATA[java.lang.AssertionError: expected [true] but found [false]
at firstt.TestFailed.run(TestFailed.java:13)
... Removed 28 stack frames]]>
    </failure>
  </testcase> <!-- run -->
  <testcase name="run2" time="0.003" classname="firstt.TestFailed"/>
</testsuite> <!-- Test -->
