<?xml version="1.0" encoding="UTF-8"?>
<!-- Generated by org.testng.reporters.JUnitXMLReporter -->
<testsuite hostname="Admin-PC" ignored="0" name="Test" tests="3" failures="1" timestamp="27 Feb 2019 11:23:42 GMT" time="0.113" errors="0">
  <testcase name="a3" time="0.016" classname="firstt.dependsonMethod">
    <failure type="java.lang.AssertionError" message="null">
      <![CDATA[java.lang.AssertionError: null
at firstt.dependsonMethod.a3(dependsonMethod.java:24)
... Removed 27 stack frames]]>
    </failure>
  </testcase> <!-- a3 -->
  <testcase name="a1" time="0.004" classname="firstt.dependsonMethod"/>
  <testcase name="a2" time="0.0" classname="firstt.dependsonMethod">
    <skipped/>
  </testcase> <!-- a2 -->
</testsuite> <!-- Test -->
