<?xml version="1.0" encoding="UTF-8"?>
<!-- Generated by org.testng.reporters.JUnitXMLReporter -->
<testsuite hostname="Pushpendra" ignored="5" name="Test" tests="2" failures="0" timestamp="28 Feb 2019 08:44:24 GMT" time="0.129" errors="0">
  <testcase name="createProduct" time="0.02" classname="firstt.ProductGroup"/>
  <testcase name="editProduct" time="0.005" classname="firstt.ProductGroup"/>
  <testcase name="exportUser" time="0.0" classname="firstt.UserGroup">
    <ignored/>
  </testcase> <!-- exportUser -->
  <testcase name="removeUser" time="0.0" classname="firstt.UserGroup">
    <ignored/>
  </testcase> <!-- removeUser -->
  <testcase name="editUser" time="0.0" classname="firstt.UserGroup">
    <ignored/>
  </testcase> <!-- editUser -->
  <testcase name="createUser" time="0.0" classname="firstt.UserGroup">
    <ignored/>
  </testcase> <!-- createUser -->
  <testcase name="exportProduct" time="0.0" classname="firstt.ProductGroup">
    <ignored/>
  </testcase> <!-- exportProduct -->
</testsuite> <!-- Test -->
