<?xml version="1.0" encoding="UTF-8"?>
<!-- Generated by org.testng.reporters.JUnitXMLReporter -->
<testsuite hostname="Admin-PC" ignored="2" name="Test" tests="6" failures="0" timestamp="28 Feb 2019 08:47:40 GMT" time="0.047" errors="0">
  <testcase name="b2" time="0.0" classname="firstt.TestNGgroups"/>
  <testcase name="b2" time="0.0" classname="firstt.TestNGgroups"/>
  <testcase name="b2" time="0.0" classname="firstt.TestNGgroups"/>
  <testcase name="b2" time="0.016" classname="firstt.TestNGgroups"/>
  <testcase name="b2" time="0.0" classname="firstt.TestNGgroups"/>
  <testcase name="b1" time="0.0" classname="firstt.TestNGgroups"/>
  <testcase name="b3" time="0.0" classname="firstt.TestNGgroups">
    <ignored/>
  </testcase> <!-- b3 -->
  <testcase name="b4" time="0.0" classname="firstt.TestNGgroups">
    <ignored/>
  </testcase> <!-- b4 -->
</testsuite> <!-- Test -->
