<?xml version="1.0" encoding="UTF-8"?>
<!-- Generated by org.testng.reporters.JUnitXMLReporter -->
<testsuite hostname="Pushpendra" ignored="0" name="Test" tests="4" failures="0" timestamp="27 Feb 2019 15:58:52 GMT" time="0.141" errors="0">
  <testcase name="c" time="0.031" classname="firstt.TestTestNG2"/>
  <testcase name="d" time="0.0" classname="firstt.TestTestNG2"/>
  <testcase name="a" time="0.0" classname="firstt.TestTestNG2"/>
  <testcase name="b" time="0.0" classname="firstt.TestTestNG2"/>
</testsuite> <!-- Test -->
