<?xml version="1.0" encoding="UTF-8"?>
<!-- Generated by org.testng.reporters.JUnitXMLReporter -->
<testsuite hostname="DESKTOP-BN2B2LR" ignored="4" name="Test" tests="3" failures="0" timestamp="28 Feb 2019 07:19:48 GMT" time="0.047" errors="0">
  <testcase name="m5" time="0.001" classname="firstt.P1"/>
  <testcase name="m5" time="0.0" classname="firstt.P1"/>
  <testcase name="test" time="0.002" classname="firstt.P3"/>
  <testcase name="@AfterSuite m9" time="0.0" classname="firstt.P1">
    <ignored/>
  </testcase> <!-- @AfterSuite m9 -->
  <testcase name="@BeforeTest m2" time="0.0" classname="firstt.P1">
    <ignored/>
  </testcase> <!-- @BeforeTest m2 -->
  <testcase name="@AfterTest m8" time="0.0" classname="firstt.P1">
    <ignored/>
  </testcase> <!-- @AfterTest m8 -->
  <testcase name="@BeforeSuite m1" time="0.0" classname="firstt.P1">
    <ignored/>
  </testcase> <!-- @BeforeSuite m1 -->
</testsuite> <!-- Test -->
