<?xml version="1.0" encoding="UTF-8"?>
<!-- Generated by org.testng.reporters.JUnitXMLReporter -->
<testsuite hostname="Rohit-PC" ignored="0" name="Test" tests="5" failures="1" timestamp="01 Mar 2019 07:53:32 GMT" time="0.094" errors="0">
  <testcase name="A" time="0.015" classname="firstt.DemoFails">
    <skipped/>
  </testcase> <!-- A -->
  <testcase name="A" time="0.0" classname="firstt.DemoFails">
    <skipped/>
  </testcase> <!-- A -->
  <testcase name="A" time="0.017" classname="firstt.DemoFails">
    <skipped/>
  </testcase> <!-- A -->
  <testcase name="A" time="0.0" classname="firstt.DemoFails">
    <failure type="java.lang.AssertionError" message="null">
      <![CDATA[java.lang.AssertionError: null
at firstt.DemoFails.A(DemoFails.java:12)
... Removed 27 stack frames]]>
    </failure>
  </testcase> <!-- A -->
  <testcase name="B" time="0.0" classname="firstt.DemoFails"/>
</testsuite> <!-- Test -->
