<?xml version="1.0" encoding="UTF-8"?>
<!-- Generated by org.testng.reporters.JUnitXMLReporter -->
<testsuite hostname="LAPTOP-DUI2CR0P" ignored="0" name="Test" tests="4" failures="0" timestamp="27 Feb 2019 10:41:02 GMT" time="0.111" errors="0">
  <testcase name="testTest1" time="0.015" classname="firstt.TestTestNg4"/>
  <testcase name="testTest1" time="0.0" classname="firstt.TestTestNg4"/>
  <testcase name="test3" time="0.0" classname="firstt.TestTestNg4"/>
  <testcase name="testTest2" time="0.0" classname="firstt.TestTestNg4"/>
</testsuite> <!-- Test -->
