<?xml version="1.0" encoding="UTF-8"?>
<!-- Generated by org.testng.reporters.JUnitXMLReporter -->
<testsuite hostname="Admin-PC" ignored="1" name="Test" tests="7" failures="0" timestamp="27 Feb 2019 11:05:03 GMT" time="0.089" errors="0">
  <testcase name="b0" time="0.013" classname="firstt.invocation"/>
  <testcase name="a" time="0.003" classname="firstt.invocation"/>
  <testcase name="a1" time="0.002" classname="firstt.invocation"/>
  <testcase name="a1" time="0.002" classname="firstt.invocation"/>
  <testcase name="a1" time="0.004" classname="firstt.invocation"/>
  <testcase name="a1" time="0.003" classname="firstt.invocation"/>
  <testcase name="a1" time="0.003" classname="firstt.invocation"/>
  <testcase name="b" time="0.0" classname="firstt.invocation">
    <ignored/>
  </testcase> <!-- b -->
</testsuite> <!-- Test -->
