<?xml version="1.0" encoding="UTF-8"?>
<!-- Generated by org.testng.reporters.JUnitXMLReporter -->
<testsuite hostname="DESKTOP-BN2B2LR" ignored="2" name="Test" tests="6" failures="0" timestamp="28 Feb 2019 07:19:56 GMT" time="0.034" errors="0">
  <testcase name="test1" time="0.005" classname="firstt.Invocat"/>
  <testcase name="test1" time="0.0" classname="firstt.Invocat"/>
  <testcase name="test1" time="0.0" classname="firstt.Invocat"/>
  <testcase name="test1" time="0.001" classname="firstt.Invocat"/>
  <testcase name="test1" time="0.001" classname="firstt.Invocat"/>
  <testcase name="test1" time="0.0" classname="firstt.Invocat"/>
  <testcase name="test3" time="0.0" classname="firstt.Invocat">
    <ignored/>
  </testcase> <!-- test3 -->
  <testcase name="test4" time="0.0" classname="firstt.Invocat">
    <ignored/>
  </testcase> <!-- test4 -->
</testsuite> <!-- Test -->
