<?xml version="1.0" encoding="UTF-8"?>
<!-- Generated by org.testng.reporters.JUnitXMLReporter -->
<testsuite hostname="Admin-PC" ignored="0" name="Test" tests="7" failures="0" timestamp="27 Feb 2019 10:49:00 GMT" time="0.086" errors="0">
  <testcase name="a1" time="0.007" classname="firstt.test1"/>
  <testcase name="b2" time="0.004" classname="firstt.test2"/>
  <testcase name="b2" time="0.003" classname="firstt.test2"/>
  <testcase name="b2" time="0.003" classname="firstt.test2"/>
  <testcase name="b2" time="0.003" classname="firstt.test2"/>
  <testcase name="b2" time="0.011" classname="firstt.test2"/>
  <testcase name="aa" time="0.002" classname="firstt.test1"/>
</testsuite> <!-- Test -->
